06-Oct-2024 06:54:25.012 INFO [main] org.apache.catalina.core.ApplicationContext.log ContextListener: contextInitialized()
06-Oct-2024 06:54:25.012 INFO [main] org.apache.catalina.core.ApplicationContext.log SessionListener: contextInitialized()
06-Oct-2024 06:54:25.013 INFO [main] org.apache.catalina.core.ApplicationContext.log ContextListener: attributeAdded('StockTicker', 'async.Stockticker@41aebbb4')
06-Oct-2024 06:56:10.083 SEVERE [http-nio-8080-exec-14] org.apache.catalina.core.StandardWrapperValve.invoke Servlet.service() for servlet [controller.WelcomeServlet] in context with path [/DeSo5] threw exception
	java.lang.NullPointerException: Cannot invoke "java.lang.Integer.intValue()" because the return value of "jakarta.servlet.http.HttpSession.getAttribute(String)" is null
		at controller.WelcomeServlet.doGet(WelcomeServlet.java:24)
		at jakarta.servlet.http.HttpServlet.service(HttpServlet.java:564)
		at jakarta.servlet.http.HttpServlet.service(HttpServlet.java:658)
		at org.apache.catalina.core.ApplicationFilterChain.internalDoFilter(ApplicationFilterChain.java:195)
		at org.apache.catalina.core.ApplicationFilterChain.doFilter(ApplicationFilterChain.java:140)
		at org.apache.tomcat.websocket.server.WsFilter.doFilter(WsFilter.java:51)
		at org.apache.catalina.core.ApplicationFilterChain.internalDoFilter(ApplicationFilterChain.java:164)
		at org.apache.catalina.core.ApplicationFilterChain.doFilter(ApplicationFilterChain.java:140)
		at org.apache.catalina.core.StandardWrapperValve.invoke(StandardWrapperValve.java:167)
		at org.apache.catalina.core.StandardContextValve.invoke(StandardContextValve.java:90)
		at org.apache.catalina.authenticator.AuthenticatorBase.invoke(AuthenticatorBase.java:483)
		at org.apache.catalina.core.StandardHostValve.invoke(StandardHostValve.java:115)
		at org.apache.catalina.valves.ErrorReportValve.invoke(ErrorReportValve.java:93)
		at org.apache.catalina.valves.AbstractAccessLogValve.invoke(AbstractAccessLogValve.java:663)
		at org.apache.catalina.core.StandardEngineValve.invoke(StandardEngineValve.java:74)
		at org.apache.catalina.connector.CoyoteAdapter.service(CoyoteAdapter.java:344)
		at org.apache.coyote.http11.Http11Processor.service(Http11Processor.java:384)
		at org.apache.coyote.AbstractProcessorLight.process(AbstractProcessorLight.java:63)
		at org.apache.coyote.AbstractProtocol$ConnectionHandler.process(AbstractProtocol.java:905)
		at org.apache.tomcat.util.net.NioEndpoint$SocketProcessor.doRun(NioEndpoint.java:1741)
		at org.apache.tomcat.util.net.SocketProcessorBase.run(SocketProcessorBase.java:52)
		at org.apache.tomcat.util.threads.ThreadPoolExecutor.runWorker(ThreadPoolExecutor.java:1190)
		at org.apache.tomcat.util.threads.ThreadPoolExecutor$Worker.run(ThreadPoolExecutor.java:659)
		at org.apache.tomcat.util.threads.TaskThread$WrappingRunnable.run(TaskThread.java:63)
		at java.base/java.lang.Thread.run(Thread.java:833)
06-Oct-2024 07:08:44.678 INFO [main] org.apache.catalina.core.ApplicationContext.log SessionListener: contextDestroyed()
06-Oct-2024 07:08:44.678 INFO [main] org.apache.catalina.core.ApplicationContext.log ContextListener: contextDestroyed()
06-Oct-2024 12:15:24.394 INFO [main] org.apache.catalina.core.ApplicationContext.log ContextListener: contextInitialized()
06-Oct-2024 12:15:24.395 INFO [main] org.apache.catalina.core.ApplicationContext.log SessionListener: contextInitialized()
06-Oct-2024 12:15:24.397 INFO [main] org.apache.catalina.core.ApplicationContext.log ContextListener: attributeAdded('StockTicker', 'async.Stockticker@afde064')
06-Oct-2024 12:32:32.489 INFO [main] org.apache.catalina.core.ApplicationContext.log SessionListener: contextDestroyed()
06-Oct-2024 12:32:32.489 INFO [main] org.apache.catalina.core.ApplicationContext.log ContextListener: contextDestroyed()
